<?xml version="1.0" encoding="UTF-8"?>
<coverage generated="1582790671429" clover="3.2.0">
  <project timestamp="1582790671429" name="All files">
    <metrics statements="90" coveredstatements="90" conditionals="24" coveredconditionals="24" methods="26" coveredmethods="26" elements="140" coveredelements="140" complexity="0" loc="90" ncloc="90" packages="1" files="4" classes="4"/>
    <file name="clioptions.js" path="C:\Users\ASUS\Desktop\RED SOCIAL\LIM011-fe-md-links\src\clioptions.js">
      <metrics statements="27" coveredstatements="27" conditionals="10" coveredconditionals="10" methods="8" coveredmethods="8"/>
      <line num="1" count="1" type="stmt"/>
      <line num="2" count="1" type="stmt"/>
      <line num="4" count="1" type="stmt"/>
      <line num="5" count="5" type="stmt"/>
      <line num="6" count="5" type="cond" truecount="4" falsecount="0"/>
      <line num="7" count="1" type="stmt"/>
      <line num="9" count="1" type="stmt"/>
      <line num="10" count="1" type="stmt"/>
      <line num="12" count="4" type="cond" truecount="2" falsecount="0"/>
      <line num="13" count="1" type="stmt"/>
      <line num="15" count="1" type="stmt"/>
      <line num="16" count="1" type="stmt"/>
      <line num="18" count="3" type="cond" truecount="2" falsecount="0"/>
      <line num="19" count="1" type="stmt"/>
      <line num="21" count="1" type="stmt"/>
      <line num="22" count="1" type="stmt"/>
      <line num="23" count="2" type="stmt"/>
      <line num="25" count="1" type="stmt"/>
      <line num="27" count="2" type="cond" truecount="2" falsecount="0"/>
      <line num="28" count="1" type="stmt"/>
      <line num="30" count="1" type="stmt"/>
      <line num="31" count="1" type="stmt"/>
      <line num="32" count="2" type="stmt"/>
      <line num="34" count="1" type="stmt"/>
      <line num="37" count="1" type="stmt"/>
      <line num="39" count="5" type="stmt"/>
      <line num="45" count="1" type="stmt"/>
    </file>
    <file name="index.js" path="C:\Users\ASUS\Desktop\RED SOCIAL\LIM011-fe-md-links\src\index.js">
      <metrics statements="44" coveredstatements="44" conditionals="10" coveredconditionals="10" methods="12" coveredmethods="12"/>
      <line num="1" count="1" type="stmt"/>
      <line num="2" count="1" type="stmt"/>
      <line num="3" count="1" type="stmt"/>
      <line num="4" count="1" type="stmt"/>
      <line num="7" count="1" type="stmt"/>
      <line num="8" count="21" type="cond" truecount="2" falsecount="0"/>
      <line num="9" count="18" type="stmt"/>
      <line num="11" count="3" type="stmt"/>
      <line num="15" count="21" type="stmt"/>
      <line num="18" count="18" type="stmt"/>
      <line num="22" count="1" type="stmt"/>
      <line num="23" count="19" type="stmt"/>
      <line num="24" count="19" type="stmt"/>
      <line num="25" count="19" type="cond" truecount="2" falsecount="0"/>
      <line num="26" count="16" type="cond" truecount="2" falsecount="0"/>
      <line num="28" count="15" type="stmt"/>
      <line num="31" count="3" type="stmt"/>
      <line num="32" count="3" type="stmt"/>
      <line num="33" count="7" type="stmt"/>
      <line num="34" count="7" type="stmt"/>
      <line num="37" count="19" type="stmt"/>
      <line num="41" count="11" type="stmt"/>
      <line num="43" count="1" type="stmt"/>
      <line num="44" count="11" type="stmt"/>
      <line num="45" count="11" type="stmt"/>
      <line num="46" count="11" type="stmt"/>
      <line num="47" count="11" type="stmt"/>
      <line num="48" count="11" type="stmt"/>
      <line num="49" count="11" type="stmt"/>
      <line num="50" count="22" type="stmt"/>
      <line num="56" count="11" type="stmt"/>
      <line num="58" count="11" type="stmt"/>
      <line num="62" count="1" type="stmt"/>
      <line num="63" count="5" type="stmt"/>
      <line num="64" count="5" type="stmt"/>
      <line num="65" count="5" type="stmt"/>
      <line num="66" count="10" type="stmt"/>
      <line num="70" count="10" type="cond" truecount="4" falsecount="0"/>
      <line num="71" count="5" type="stmt"/>
      <line num="73" count="5" type="stmt"/>
      <line num="75" count="10" type="stmt"/>
      <line num="82" count="10" type="stmt"/>
      <line num="87" count="5" type="stmt"/>
      <line num="104" count="1" type="stmt"/>
    </file>
    <file name="mdlinks.js" path="C:\Users\ASUS\Desktop\RED SOCIAL\LIM011-fe-md-links\src\mdlinks.js">
      <metrics statements="8" coveredstatements="8" conditionals="2" coveredconditionals="2" methods="2" coveredmethods="2"/>
      <line num="1" count="1" type="stmt"/>
      <line num="3" count="1" type="stmt"/>
      <line num="4" count="9" type="stmt"/>
      <line num="5" count="9" type="cond" truecount="2" falsecount="0"/>
      <line num="6" count="4" type="stmt"/>
      <line num="8" count="5" type="stmt"/>
      <line num="10" count="9" type="stmt"/>
      <line num="18" count="1" type="stmt"/>
    </file>
    <file name="stats.js" path="C:\Users\ASUS\Desktop\RED SOCIAL\LIM011-fe-md-links\src\stats.js">
      <metrics statements="11" coveredstatements="11" conditionals="2" coveredconditionals="2" methods="4" coveredmethods="4"/>
      <line num="1" count="1" type="stmt"/>
      <line num="4" count="4" type="stmt"/>
      <line num="6" count="4" type="stmt"/>
      <line num="7" count="8" type="stmt"/>
      <line num="8" count="4" type="stmt"/>
      <line num="9" count="8" type="stmt"/>
      <line num="11" count="4" type="cond" truecount="2" falsecount="0"/>
      <line num="12" count="2" type="stmt"/>
      <line num="18" count="2" type="stmt"/>
      <line num="23" count="4" type="stmt"/>
      <line num="27" count="1" type="stmt"/>
    </file>
  </project>
</coverage>
