{"/home/jazmin/Desktop/Nuevo/LIM011-fe-md-links/src/index.js": {"path":"/home/jazmin/Desktop/Nuevo/LIM011-fe-md-links/src/index.js","statementMap":{"0":{"start":{"line":1,"column":13},"end":{"line":1,"column":28}},"1":{"start":{"line":2,"column":11},"end":{"line":2,"column":24}},"2":{"start":{"line":3,"column":15},"end":{"line":3,"column":32}},"3":{"start":{"line":4,"column":14},"end":{"line":4,"column":35}},"4":{"start":{"line":7,"column":18},"end":{"line":12,"column":1}},"5":{"start":{"line":8,"column":2},"end":{"line":10,"column":3}},"6":{"start":{"line":9,"column":4},"end":{"line":9,"column":16}},"7":{"start":{"line":11,"column":2},"end":{"line":11,"column":28}},"8":{"start":{"line":15,"column":16},"end":{"line":15,"column":52}},"9":{"start":{"line":15,"column":26},"end":{"line":15,"column":52}},"10":{"start":{"line":18,"column":11},"end":{"line":18,"column":51}},"11":{"start":{"line":18,"column":22},"end":{"line":18,"column":51}},"12":{"start":{"line":21,"column":26},"end":{"line":37,"column":1}},"13":{"start":{"line":22,"column":19},"end":{"line":22,"column":21}},"14":{"start":{"line":23,"column":20},"end":{"line":23,"column":36}},"15":{"start":{"line":24,"column":2},"end":{"line":35,"column":3}},"16":{"start":{"line":25,"column":4},"end":{"line":28,"column":5}},"17":{"start":{"line":27,"column":6},"end":{"line":27,"column":33}},"18":{"start":{"line":30,"column":17},"end":{"line":30,"column":42}},"19":{"start":{"line":31,"column":4},"end":{"line":34,"column":7}},"20":{"start":{"line":32,"column":19},"end":{"line":32,"column":67}},"21":{"start":{"line":33,"column":6},"end":{"line":33,"column":43}},"22":{"start":{"line":36,"column":2},"end":{"line":36,"column":20}},"23":{"start":{"line":40,"column":17},"end":{"line":40,"column":59}},"24":{"start":{"line":40,"column":28},"end":{"line":40,"column":59}},"25":{"start":{"line":42,"column":20},"end":{"line":58,"column":1}},"26":{"start":{"line":43,"column":14},"end":{"line":43,"column":35}},"27":{"start":{"line":44,"column":16},"end":{"line":44,"column":18}},"28":{"start":{"line":45,"column":15},"end":{"line":45,"column":39}},"29":{"start":{"line":46,"column":2},"end":{"line":56,"column":5}},"30":{"start":{"line":47,"column":22},"end":{"line":47,"column":36}},"31":{"start":{"line":48,"column":4},"end":{"line":54,"column":6}},"32":{"start":{"line":49,"column":6},"end":{"line":53,"column":9}},"33":{"start":{"line":55,"column":4},"end":{"line":55,"column":41}},"34":{"start":{"line":57,"column":2},"end":{"line":57,"column":15}},"35":{"start":{"line":61,"column":20},"end":{"line":87,"column":1}},"36":{"start":{"line":62,"column":15},"end":{"line":62,"column":33}},"37":{"start":{"line":63,"column":18},"end":{"line":63,"column":20}},"38":{"start":{"line":64,"column":2},"end":{"line":85,"column":5}},"39":{"start":{"line":65,"column":4},"end":{"line":84,"column":6}},"40":{"start":{"line":69,"column":10},"end":{"line":73,"column":11}},"41":{"start":{"line":70,"column":12},"end":{"line":70,"column":27}},"42":{"start":{"line":72,"column":12},"end":{"line":72,"column":29}},"43":{"start":{"line":74,"column":22},"end":{"line":80,"column":11}},"44":{"start":{"line":81,"column":10},"end":{"line":81,"column":21}},"45":{"start":{"line":83,"column":26},"end":{"line":83,"column":61}},"46":{"start":{"line":86,"column":2},"end":{"line":86,"column":30}},"47":{"start":{"line":103,"column":0},"end":{"line":111,"column":2}}},"fnMap":{"0":{"name":"(anonymous_0)","decl":{"start":{"line":7,"column":18},"end":{"line":7,"column":19}},"loc":{"start":{"line":7,"column":28},"end":{"line":12,"column":1}},"line":7},"1":{"name":"(anonymous_1)","decl":{"start":{"line":15,"column":16},"end":{"line":15,"column":17}},"loc":{"start":{"line":15,"column":26},"end":{"line":15,"column":52}},"line":15},"2":{"name":"(anonymous_2)","decl":{"start":{"line":18,"column":11},"end":{"line":18,"column":12}},"loc":{"start":{"line":18,"column":22},"end":{"line":18,"column":51}},"line":18},"3":{"name":"(anonymous_3)","decl":{"start":{"line":21,"column":26},"end":{"line":21,"column":27}},"loc":{"start":{"line":21,"column":37},"end":{"line":37,"column":1}},"line":21},"4":{"name":"(anonymous_4)","decl":{"start":{"line":31,"column":17},"end":{"line":31,"column":18}},"loc":{"start":{"line":31,"column":30},"end":{"line":34,"column":5}},"line":31},"5":{"name":"(anonymous_5)","decl":{"start":{"line":40,"column":17},"end":{"line":40,"column":18}},"loc":{"start":{"line":40,"column":28},"end":{"line":40,"column":59}},"line":40},"6":{"name":"(anonymous_6)","decl":{"start":{"line":42,"column":20},"end":{"line":42,"column":21}},"loc":{"start":{"line":42,"column":31},"end":{"line":58,"column":1}},"line":42},"7":{"name":"(anonymous_7)","decl":{"start":{"line":46,"column":15},"end":{"line":46,"column":16}},"loc":{"start":{"line":46,"column":25},"end":{"line":56,"column":3}},"line":46},"8":{"name":"(anonymous_8)","decl":{"start":{"line":48,"column":15},"end":{"line":48,"column":16}},"loc":{"start":{"line":48,"column":38},"end":{"line":54,"column":5}},"line":48},"9":{"name":"(anonymous_9)","decl":{"start":{"line":61,"column":20},"end":{"line":61,"column":21}},"loc":{"start":{"line":61,"column":31},"end":{"line":87,"column":1}},"line":61},"10":{"name":"(anonymous_10)","decl":{"start":{"line":64,"column":15},"end":{"line":64,"column":16}},"loc":{"start":{"line":64,"column":22},"end":{"line":85,"column":3}},"line":64},"11":{"name":"(anonymous_11)","decl":{"start":{"line":67,"column":14},"end":{"line":67,"column":15}},"loc":{"start":{"line":67,"column":21},"end":{"line":82,"column":9}},"line":67},"12":{"name":"(anonymous_12)","decl":{"start":{"line":83,"column":15},"end":{"line":83,"column":16}},"loc":{"start":{"line":83,"column":26},"end":{"line":83,"column":61}},"line":83}},"branchMap":{"0":{"loc":{"start":{"line":8,"column":2},"end":{"line":10,"column":3}},"type":"if","locations":[{"start":{"line":8,"column":2},"end":{"line":10,"column":3}},{"start":{"line":8,"column":2},"end":{"line":10,"column":3}}],"line":8},"1":{"loc":{"start":{"line":24,"column":2},"end":{"line":35,"column":3}},"type":"if","locations":[{"start":{"line":24,"column":2},"end":{"line":35,"column":3}},{"start":{"line":24,"column":2},"end":{"line":35,"column":3}}],"line":24},"2":{"loc":{"start":{"line":25,"column":4},"end":{"line":28,"column":5}},"type":"if","locations":[{"start":{"line":25,"column":4},"end":{"line":28,"column":5}},{"start":{"line":25,"column":4},"end":{"line":28,"column":5}}],"line":25},"3":{"loc":{"start":{"line":69,"column":10},"end":{"line":73,"column":11}},"type":"if","locations":[{"start":{"line":69,"column":10},"end":{"line":73,"column":11}},{"start":{"line":69,"column":10},"end":{"line":73,"column":11}}],"line":69},"4":{"loc":{"start":{"line":69,"column":14},"end":{"line":69,"column":47}},"type":"binary-expr","locations":[{"start":{"line":69,"column":14},"end":{"line":69,"column":29}},{"start":{"line":69,"column":33},"end":{"line":69,"column":47}}],"line":69}},"s":{"0":1,"1":1,"2":1,"3":1,"4":1,"5":22,"6":8,"7":10,"8":1,"9":18,"10":1,"11":15,"12":1,"13":20,"14":20,"15":16,"16":13,"17":12,"18":3,"19":3,"20":7,"21":7,"22":16,"23":1,"24":8,"25":1,"26":12,"27":12,"28":12,"29":8,"30":8,"31":8,"32":16,"33":8,"34":8,"35":1,"36":3,"37":3,"38":3,"39":6,"40":6,"41":3,"42":3,"43":6,"44":6,"45":0,"46":3,"47":1},"f":{"0":22,"1":18,"2":15,"3":20,"4":7,"5":8,"6":12,"7":8,"8":16,"9":3,"10":6,"11":6,"12":0},"b":{"0":[8,10],"1":[13,3],"2":[12,1],"3":[3,3],"4":[6,6]},"_coverageSchema":"43e27e138ebf9cfc5966b082cf9a028302ed4184","hash":"97af493fce847558b2f9f8addf223aa46a0c003b"}
,"/home/jazmin/Desktop/Nuevo/LIM011-fe-md-links/src/mdlinks.js": {"path":"/home/jazmin/Desktop/Nuevo/LIM011-fe-md-links/src/mdlinks.js","statementMap":{"0":{"start":{"line":1,"column":15},"end":{"line":1,"column":41}},"1":{"start":{"line":3,"column":16},"end":{"line":11,"column":1}},"2":{"start":{"line":4,"column":15},"end":{"line":6,"column":4}},"3":{"start":{"line":5,"column":4},"end":{"line":5,"column":38}},"4":{"start":{"line":7,"column":2},"end":{"line":9,"column":3}},"5":{"start":{"line":8,"column":4},"end":{"line":8,"column":36}},"6":{"start":{"line":10,"column":2},"end":{"line":10,"column":14}},"7":{"start":{"line":18,"column":0},"end":{"line":18,"column":25}}},"fnMap":{"0":{"name":"(anonymous_0)","decl":{"start":{"line":3,"column":16},"end":{"line":3,"column":17}},"loc":{"start":{"line":3,"column":35},"end":{"line":11,"column":1}},"line":3},"1":{"name":"(anonymous_1)","decl":{"start":{"line":4,"column":27},"end":{"line":4,"column":28}},"loc":{"start":{"line":4,"column":40},"end":{"line":6,"column":3}},"line":4}},"branchMap":{"0":{"loc":{"start":{"line":7,"column":2},"end":{"line":9,"column":3}},"type":"if","locations":[{"start":{"line":7,"column":2},"end":{"line":9,"column":3}},{"start":{"line":7,"column":2},"end":{"line":9,"column":3}}],"line":7}},"s":{"0":1,"1":1,"2":8,"3":8,"4":8,"5":2,"6":4,"7":1},"f":{"0":8,"1":8},"b":{"0":[2,4]},"_coverageSchema":"43e27e138ebf9cfc5966b082cf9a028302ed4184","hash":"cd066ecd9994ec1202e1432c7494c65ab38bffa4"}
,"/home/jazmin/Desktop/Nuevo/LIM011-fe-md-links/src/stats.js": {"path":"/home/jazmin/Desktop/Nuevo/LIM011-fe-md-links/src/stats.js","statementMap":{"0":{"start":{"line":1,"column":16},"end":{"line":1,"column":44}},"1":{"start":{"line":4,"column":14},"end":{"line":25,"column":56}},"2":{"start":{"line":4,"column":32},"end":{"line":25,"column":56}},"3":{"start":{"line":6,"column":18},"end":{"line":6,"column":20}},"4":{"start":{"line":7,"column":4},"end":{"line":7,"column":56}},"5":{"start":{"line":7,"column":30},"end":{"line":7,"column":54}},"6":{"start":{"line":8,"column":19},"end":{"line":8,"column":33}},"7":{"start":{"line":9,"column":19},"end":{"line":9,"column":71}},"8":{"start":{"line":9,"column":44},"end":{"line":9,"column":70}},"9":{"start":{"line":11,"column":4},"end":{"line":22,"column":5}},"10":{"start":{"line":12,"column":6},"end":{"line":16,"column":8}},"11":{"start":{"line":18,"column":6},"end":{"line":21,"column":8}},"12":{"start":{"line":23,"column":4},"end":{"line":23,"column":15}},"13":{"start":{"line":25,"column":20},"end":{"line":25,"column":55}},"14":{"start":{"line":27,"column":0},"end":{"line":27,"column":23}}},"fnMap":{"0":{"name":"(anonymous_0)","decl":{"start":{"line":4,"column":14},"end":{"line":4,"column":15}},"loc":{"start":{"line":4,"column":32},"end":{"line":25,"column":56}},"line":4},"1":{"name":"(anonymous_1)","decl":{"start":{"line":5,"column":8},"end":{"line":5,"column":9}},"loc":{"start":{"line":5,"column":18},"end":{"line":24,"column":3}},"line":5},"2":{"name":"(anonymous_2)","decl":{"start":{"line":7,"column":17},"end":{"line":7,"column":18}},"loc":{"start":{"line":7,"column":30},"end":{"line":7,"column":54}},"line":7},"3":{"name":"(anonymous_3)","decl":{"start":{"line":9,"column":31},"end":{"line":9,"column":32}},"loc":{"start":{"line":9,"column":44},"end":{"line":9,"column":70}},"line":9},"4":{"name":"(anonymous_4)","decl":{"start":{"line":25,"column":9},"end":{"line":25,"column":10}},"loc":{"start":{"line":25,"column":20},"end":{"line":25,"column":55}},"line":25}},"branchMap":{"0":{"loc":{"start":{"line":11,"column":4},"end":{"line":22,"column":5}},"type":"if","locations":[{"start":{"line":11,"column":4},"end":{"line":22,"column":5}},{"start":{"line":11,"column":4},"end":{"line":22,"column":5}}],"line":11}},"s":{"0":1,"1":1,"2":4,"3":2,"4":2,"5":4,"6":2,"7":2,"8":4,"9":2,"10":1,"11":1,"12":2,"13":2,"14":1},"f":{"0":4,"1":2,"2":4,"3":4,"4":2},"b":{"0":[1,1]},"_coverageSchema":"43e27e138ebf9cfc5966b082cf9a028302ed4184","hash":"c17aaa0b9002638756eaa92a04cc0f3af02f8b5e"}
}
