{"/home/jazmin/Desktop/Nuevo/LIM011-fe-md-links/src/index.js": {"path":"/home/jazmin/Desktop/Nuevo/LIM011-fe-md-links/src/index.js","statementMap":{"0":{"start":{"line":1,"column":13},"end":{"line":1,"column":28}},"1":{"start":{"line":2,"column":11},"end":{"line":2,"column":24}},"2":{"start":{"line":3,"column":15},"end":{"line":3,"column":32}},"3":{"start":{"line":4,"column":14},"end":{"line":4,"column":35}},"4":{"start":{"line":7,"column":18},"end":{"line":12,"column":1}},"5":{"start":{"line":8,"column":2},"end":{"line":10,"column":3}},"6":{"start":{"line":9,"column":4},"end":{"line":9,"column":16}},"7":{"start":{"line":11,"column":2},"end":{"line":11,"column":28}},"8":{"start":{"line":15,"column":16},"end":{"line":15,"column":52}},"9":{"start":{"line":15,"column":26},"end":{"line":15,"column":52}},"10":{"start":{"line":18,"column":11},"end":{"line":18,"column":51}},"11":{"start":{"line":18,"column":22},"end":{"line":18,"column":51}},"12":{"start":{"line":21,"column":26},"end":{"line":37,"column":1}},"13":{"start":{"line":22,"column":19},"end":{"line":22,"column":21}},"14":{"start":{"line":23,"column":20},"end":{"line":23,"column":36}},"15":{"start":{"line":24,"column":2},"end":{"line":35,"column":3}},"16":{"start":{"line":25,"column":4},"end":{"line":28,"column":5}},"17":{"start":{"line":27,"column":6},"end":{"line":27,"column":33}},"18":{"start":{"line":30,"column":17},"end":{"line":30,"column":42}},"19":{"start":{"line":31,"column":4},"end":{"line":34,"column":7}},"20":{"start":{"line":32,"column":19},"end":{"line":32,"column":67}},"21":{"start":{"line":33,"column":6},"end":{"line":33,"column":43}},"22":{"start":{"line":36,"column":2},"end":{"line":36,"column":20}},"23":{"start":{"line":40,"column":17},"end":{"line":40,"column":59}},"24":{"start":{"line":40,"column":28},"end":{"line":40,"column":59}},"25":{"start":{"line":42,"column":20},"end":{"line":58,"column":1}},"26":{"start":{"line":43,"column":14},"end":{"line":43,"column":35}},"27":{"start":{"line":44,"column":16},"end":{"line":44,"column":18}},"28":{"start":{"line":45,"column":15},"end":{"line":45,"column":39}},"29":{"start":{"line":46,"column":2},"end":{"line":56,"column":5}},"30":{"start":{"line":47,"column":22},"end":{"line":47,"column":36}},"31":{"start":{"line":48,"column":4},"end":{"line":54,"column":6}},"32":{"start":{"line":49,"column":6},"end":{"line":53,"column":9}},"33":{"start":{"line":55,"column":4},"end":{"line":55,"column":41}},"34":{"start":{"line":57,"column":2},"end":{"line":57,"column":15}},"35":{"start":{"line":61,"column":20},"end":{"line":86,"column":1}},"36":{"start":{"line":62,"column":15},"end":{"line":62,"column":33}},"37":{"start":{"line":63,"column":18},"end":{"line":63,"column":20}},"38":{"start":{"line":64,"column":2},"end":{"line":84,"column":5}},"39":{"start":{"line":65,"column":4},"end":{"line":83,"column":6}},"40":{"start":{"line":69,"column":10},"end":{"line":73,"column":11}},"41":{"start":{"line":70,"column":12},"end":{"line":70,"column":27}},"42":{"start":{"line":72,"column":12},"end":{"line":72,"column":29}},"43":{"start":{"line":74,"column":22},"end":{"line":80,"column":11}},"44":{"start":{"line":81,"column":10},"end":{"line":81,"column":21}},"45":{"start":{"line":85,"column":2},"end":{"line":85,"column":30}},"46":{"start":{"line":94,"column":0},"end":{"line":97,"column":5}},"47":{"start":{"line":96,"column":4},"end":{"line":96,"column":22}},"48":{"start":{"line":101,"column":0},"end":{"line":109,"column":2}}},"fnMap":{"0":{"name":"(anonymous_0)","decl":{"start":{"line":7,"column":18},"end":{"line":7,"column":19}},"loc":{"start":{"line":7,"column":28},"end":{"line":12,"column":1}},"line":7},"1":{"name":"(anonymous_1)","decl":{"start":{"line":15,"column":16},"end":{"line":15,"column":17}},"loc":{"start":{"line":15,"column":26},"end":{"line":15,"column":52}},"line":15},"2":{"name":"(anonymous_2)","decl":{"start":{"line":18,"column":11},"end":{"line":18,"column":12}},"loc":{"start":{"line":18,"column":22},"end":{"line":18,"column":51}},"line":18},"3":{"name":"(anonymous_3)","decl":{"start":{"line":21,"column":26},"end":{"line":21,"column":27}},"loc":{"start":{"line":21,"column":37},"end":{"line":37,"column":1}},"line":21},"4":{"name":"(anonymous_4)","decl":{"start":{"line":31,"column":17},"end":{"line":31,"column":18}},"loc":{"start":{"line":31,"column":30},"end":{"line":34,"column":5}},"line":31},"5":{"name":"(anonymous_5)","decl":{"start":{"line":40,"column":17},"end":{"line":40,"column":18}},"loc":{"start":{"line":40,"column":28},"end":{"line":40,"column":59}},"line":40},"6":{"name":"(anonymous_6)","decl":{"start":{"line":42,"column":20},"end":{"line":42,"column":21}},"loc":{"start":{"line":42,"column":31},"end":{"line":58,"column":1}},"line":42},"7":{"name":"(anonymous_7)","decl":{"start":{"line":46,"column":15},"end":{"line":46,"column":16}},"loc":{"start":{"line":46,"column":25},"end":{"line":56,"column":3}},"line":46},"8":{"name":"(anonymous_8)","decl":{"start":{"line":48,"column":15},"end":{"line":48,"column":16}},"loc":{"start":{"line":48,"column":38},"end":{"line":54,"column":5}},"line":48},"9":{"name":"(anonymous_9)","decl":{"start":{"line":61,"column":20},"end":{"line":61,"column":21}},"loc":{"start":{"line":61,"column":31},"end":{"line":86,"column":1}},"line":61},"10":{"name":"(anonymous_10)","decl":{"start":{"line":64,"column":15},"end":{"line":64,"column":16}},"loc":{"start":{"line":64,"column":22},"end":{"line":84,"column":3}},"line":64},"11":{"name":"(anonymous_11)","decl":{"start":{"line":67,"column":14},"end":{"line":67,"column":15}},"loc":{"start":{"line":67,"column":21},"end":{"line":82,"column":9}},"line":67},"12":{"name":"(anonymous_12)","decl":{"start":{"line":95,"column":8},"end":{"line":95,"column":9}},"loc":{"start":{"line":95,"column":18},"end":{"line":97,"column":3}},"line":95}},"branchMap":{"0":{"loc":{"start":{"line":8,"column":2},"end":{"line":10,"column":3}},"type":"if","locations":[{"start":{"line":8,"column":2},"end":{"line":10,"column":3}},{"start":{"line":8,"column":2},"end":{"line":10,"column":3}}],"line":8},"1":{"loc":{"start":{"line":24,"column":2},"end":{"line":35,"column":3}},"type":"if","locations":[{"start":{"line":24,"column":2},"end":{"line":35,"column":3}},{"start":{"line":24,"column":2},"end":{"line":35,"column":3}}],"line":24},"2":{"loc":{"start":{"line":25,"column":4},"end":{"line":28,"column":5}},"type":"if","locations":[{"start":{"line":25,"column":4},"end":{"line":28,"column":5}},{"start":{"line":25,"column":4},"end":{"line":28,"column":5}}],"line":25},"3":{"loc":{"start":{"line":69,"column":10},"end":{"line":73,"column":11}},"type":"if","locations":[{"start":{"line":69,"column":10},"end":{"line":73,"column":11}},{"start":{"line":69,"column":10},"end":{"line":73,"column":11}}],"line":69},"4":{"loc":{"start":{"line":69,"column":14},"end":{"line":69,"column":47}},"type":"binary-expr","locations":[{"start":{"line":69,"column":14},"end":{"line":69,"column":29}},{"start":{"line":69,"column":33},"end":{"line":69,"column":47}}],"line":69}},"s":{"0":1,"1":1,"2":1,"3":1,"4":1,"5":13,"6":8,"7":5,"8":1,"9":13,"10":1,"11":10,"12":1,"13":11,"14":11,"15":11,"16":8,"17":7,"18":3,"19":3,"20":7,"21":7,"22":11,"23":1,"24":3,"25":1,"26":3,"27":3,"28":3,"29":3,"30":3,"31":3,"32":6,"33":3,"34":3,"35":1,"36":2,"37":2,"38":2,"39":4,"40":0,"41":0,"42":0,"43":0,"44":0,"45":2,"46":1,"47":0,"48":1},"f":{"0":13,"1":13,"2":10,"3":11,"4":7,"5":3,"6":3,"7":3,"8":6,"9":2,"10":4,"11":0,"12":0},"b":{"0":[8,5],"1":[8,3],"2":[7,1],"3":[0,0],"4":[0,0]},"_coverageSchema":"43e27e138ebf9cfc5966b082cf9a028302ed4184","hash":"de1397c29c32b67e7cb67a8cf1376cfe19019935"}
}
