TN:
SF:/home/jazmin/Desktop/Nuevo/LIM011-fe-md-links/src/index.js
FN:7,(anonymous_0)
FN:15,(anonymous_1)
FN:18,(anonymous_2)
FN:21,(anonymous_3)
FN:31,(anonymous_4)
FN:40,(anonymous_5)
FN:42,(anonymous_6)
FN:46,(anonymous_7)
FN:48,(anonymous_8)
FN:61,(anonymous_9)
FN:64,(anonymous_10)
FN:67,(anonymous_11)
FNF:12
FNH:11
FNDA:12,(anonymous_0)
FNDA:12,(anonymous_1)
FNDA:9,(anonymous_2)
FNDA:10,(anonymous_3)
FNDA:7,(anonymous_4)
FNDA:2,(anonymous_5)
FNDA:2,(anonymous_6)
FNDA:2,(anonymous_7)
FNDA:4,(anonymous_8)
FNDA:1,(anonymous_9)
FNDA:2,(anonymous_10)
FNDA:0,(anonymous_11)
DA:1,1
DA:2,1
DA:3,1
DA:4,1
DA:7,1
DA:8,12
DA:9,8
DA:11,4
DA:15,12
DA:18,9
DA:21,1
DA:22,10
DA:23,10
DA:24,10
DA:25,7
DA:27,6
DA:30,3
DA:31,3
DA:32,7
DA:33,7
DA:36,10
DA:40,2
DA:42,1
DA:43,2
DA:44,2
DA:45,2
DA:46,2
DA:47,2
DA:48,2
DA:49,4
DA:55,2
DA:57,2
DA:61,1
DA:62,1
DA:63,1
DA:64,1
DA:65,2
DA:69,0
DA:70,0
DA:72,0
DA:74,0
DA:81,0
DA:85,1
DA:101,1
LF:44
LH:39
BRDA:8,0,0,8
BRDA:8,0,1,4
BRDA:24,1,0,7
BRDA:24,1,1,3
BRDA:25,2,0,6
BRDA:25,2,1,1
BRDA:69,3,0,0
BRDA:69,3,1,0
BRDA:69,4,0,0
BRDA:69,4,1,0
BRF:10
BRH:6
end_of_record
