TN:
SF:/home/jazmin/Desktop/Nuevo/LIM011-fe-md-links/src/index.js
FN:7,(anonymous_0)
FN:15,(anonymous_1)
FN:18,(anonymous_2)
FN:21,(anonymous_3)
FN:31,(anonymous_4)
FN:38,(anonymous_5)
FN:40,(anonymous_6)
FN:44,(anonymous_7)
FN:46,(anonymous_8)
FN:58,(anonymous_9)
FN:61,(anonymous_10)
FN:64,(anonymous_11)
FN:91,(anonymous_12)
FNF:13
FNH:11
FNDA:19,(anonymous_0)
FNDA:17,(anonymous_1)
FNDA:11,(anonymous_2)
FNDA:17,(anonymous_3)
FNDA:14,(anonymous_4)
FNDA:5,(anonymous_5)
FNDA:2,(anonymous_6)
FNDA:5,(anonymous_7)
FNDA:2,(anonymous_8)
FNDA:1,(anonymous_9)
FNDA:1,(anonymous_10)
FNDA:0,(anonymous_11)
FNDA:0,(anonymous_12)
DA:1,1
DA:2,1
DA:3,1
DA:4,1
DA:7,1
DA:8,19
DA:9,16
DA:11,3
DA:15,17
DA:18,11
DA:21,1
DA:22,17
DA:23,17
DA:24,17
DA:25,11
DA:27,9
DA:30,6
DA:31,6
DA:32,14
DA:33,14
DA:36,17
DA:38,5
DA:40,1
DA:41,2
DA:42,2
DA:43,2
DA:44,2
DA:45,5
DA:46,5
DA:47,2
DA:53,5
DA:55,2
DA:58,1
DA:59,1
DA:60,1
DA:61,1
DA:62,1
DA:66,0
DA:67,0
DA:69,0
DA:71,0
DA:78,0
DA:82,1
DA:88,1
DA:89,1
DA:91,1
DA:96,1
LF:47
LH:42
BRDA:8,0,0,16
BRDA:8,0,1,3
BRDA:24,1,0,11
BRDA:24,1,1,6
BRDA:25,2,0,9
BRDA:25,2,1,2
BRDA:66,3,0,0
BRDA:66,3,1,0
BRDA:66,4,0,0
BRDA:66,4,1,0
BRF:10
BRH:6
end_of_record
